[2021-09-05T16:00:53.401385+02:00] name.WARNING: 8 1630850453 [] []
[2021-09-05T16:01:22.311167+02:00] name.WARNING: 8 1630850482 [] []
[2021-09-05T16:01:27.225412+02:00] name.WARNING: 8 1630850487 [] []
[2021-09-05T16:03:15.408730+02:00] name.WARNING: 8 1630850595 [] []
[2021-09-05T16:03:17.657357+02:00] name.WARNING: 8 1630850597 [] []
[2021-09-05T16:03:22.466850+02:00] name.WARNING: 8 1630850602 [] []
[2021-09-05T16:05:25.190747+02:00] name.WARNING: 8 1630850725 [] []
[2021-09-05T16:05:27.463432+02:00] name.WARNING: 8 1630850727 [] []
[2021-09-05T16:05:32.280342+02:00] name.WARNING: 8 1630850732 [] []
[2021-09-05T16:12:33.337002+02:00] name.WARNING: 8 1630851153 [] []
[2021-09-05T16:12:35.392116+02:00] name.WARNING: 8 1630851155 [] []
[2021-09-05T16:12:39.340541+02:00] name.WARNING: 8 1630851159 [] []
[2021-09-05T16:12:45.845623+02:00] name.WARNING: 8 1630851165 [] []
[2021-09-05T16:13:09.798120+02:00] name.WARNING: 8 1630851189 [] []
[2021-09-05T16:13:10.822071+02:00] name.WARNING: 8 1630851190 [] []
[2021-09-05T16:13:15.931656+02:00] name.WARNING: 8 1630851195 [] []
[2021-09-05T16:13:51.133993+02:00] name.WARNING: 8 1630851231 [] []
[2021-09-05T16:13:52.216657+02:00] name.WARNING: 8 1630851232 [] []
[2021-09-05T16:14:18.803766+02:00] name.WARNING: 8 1630851258 [] []
[2021-09-05T16:14:20.295456+02:00] name.WARNING: 8 1630851260 [] []
[2021-09-05T16:14:20.744740+02:00] name.WARNING: 8 1630851260 [] []
[2021-09-05T16:14:20.937406+02:00] name.WARNING: 8 1630851260 [] []
[2021-09-05T16:14:21.145884+02:00] name.WARNING: 8 1630851261 [] []
[2021-09-05T16:14:45.233267+02:00] name.WARNING: 8 1630851285 [] []
[2021-09-05T16:15:16.730125+02:00] name.WARNING: 8 1630851316 [] []
[2021-09-05T16:16:20.109518+02:00] name.WARNING: 8 1630851380 [] []
