[11-Nov-2021 22:54:20 Europe/Berlin] PHP Fatal error:  Uncaught Error: Class "Bookmarks" not found in /home/lime/Web/yabookmarkapp/templates_c/a7d4d36167495241d8ef16acf9fb81883f78b947_0.file.index.tpl.php:120
Stack trace:
#0 /home/lime/Web/yabookmarkapp/vendor/smarty/smarty/libs/sysplugins/smarty_template_resource_base.php(123): content_618d910c6800d2_24804351()
#1 /home/lime/Web/yabookmarkapp/vendor/smarty/smarty/libs/sysplugins/smarty_template_compiled.php(114): Smarty_Template_Resource_Base->getRenderedTemplateCode()
#2 /home/lime/Web/yabookmarkapp/vendor/smarty/smarty/libs/sysplugins/smarty_internal_template.php(216): Smarty_Template_Compiled->render()
#3 /home/lime/Web/yabookmarkapp/vendor/smarty/smarty/libs/sysplugins/smarty_internal_templatebase.php(232): Smarty_Internal_Template->render()
#4 /home/lime/Web/yabookmarkapp/vendor/smarty/smarty/libs/sysplugins/smarty_internal_templatebase.php(134): Smarty_Internal_TemplateBase->_execute()
#5 /home/lime/Web/yabookmarkapp/src/AppController.php(43): Smarty_Internal_TemplateBase->display()
#6 /home/lime/Web/yabookmarkapp/index.php(9): App\AppController->index()
#7 {main}
  thrown in /home/lime/Web/yabookmarkapp/templates_c/a7d4d36167495241d8ef16acf9fb81883f78b947_0.file.index.tpl.php on line 120
[11-Nov-2021 22:54:43 Europe/Berlin] PHP Fatal error:  Uncaught Error: Call to a member function getJs() on null in /home/lime/Web/yabookmarkapp/index.php:14
Stack trace:
#0 {main}
  thrown in /home/lime/Web/yabookmarkapp/index.php on line 14
[11-Nov-2021 22:58:06 Europe/Berlin] PHP Fatal error:  Uncaught ArgumentCountError: mysqli_get_client_version() expects exactly 0 arguments, 1 given in /home/lime/Web/yabookmarkapp/vendor/voku/simple-mysqli/src/voku/db/Helper.php:312
Stack trace:
#0 /home/lime/Web/yabookmarkapp/vendor/voku/simple-mysqli/src/voku/db/Helper.php(312): mysqli_get_client_version()
#1 /home/lime/Web/yabookmarkapp/vendor/voku/simple-mysqli/src/voku/db/Helper.php(133): voku\db\Helper::get_mysql_client_version()
#2 /home/lime/Web/yabookmarkapp/vendor/voku/simple-mysqli/src/voku/db/DB.php(2510): voku\db\Helper::isUtf8mb4Supported()
#3 /home/lime/Web/yabookmarkapp/vendor/voku/simple-mysqli/src/voku/db/DB.php(865): voku\db\DB->set_charset()
#4 /home/lime/Web/yabookmarkapp/vendor/voku/simple-mysqli/src/voku/db/DB.php(188): voku\db\DB->connect()
#5 /home/lime/Web/yabookmarkapp/vendor/voku/simple-mysqli/src/voku/db/DB.php(1350): voku\db\DB->__construct()
#6 /home/lime/Web/yabookmarkapp/src/Classes/Database.php(14): voku\db\DB::getInstance()
#7 /home/lime/Web/yabookmarkapp/src/Classes/Categories.php(129): App\Classes\Database::init()
#8 /home/lime/Web/yabookmarkapp/src/AppController.php(35): App\Classes\Categories::getInstances()
#9 /home/lime/Web/yabookmarkapp/index.php(10): App\AppController->index()
#10 {main}
  thrown in /home/lime/Web/yabookmarkapp/vendor/voku/simple-mysqli/src/voku/db/Helper.php on line 312
[11-Nov-2021 23:09:44 Europe/Berlin] PHP Fatal error:  Uncaught TypeError: App\Classes\Bookmarks::getTopBookmarks(): Return value must be of type string, array returned in /home/lime/Web/yabookmarkapp/src/Classes/Bookmarks.php:267
Stack trace:
#0 /home/lime/Web/yabookmarkapp/src/AppController.php(55): App\Classes\Bookmarks->getTopBookmarks()
#1 /home/lime/Web/yabookmarkapp/top_bookmarks.php(9): App\AppController->topBookmarks()
#2 {main}
  thrown in /home/lime/Web/yabookmarkapp/src/Classes/Bookmarks.php on line 267
[11-Nov-2021 23:11:25 Europe/Berlin] PHP Fatal error:  Uncaught Error: Call to a member function getJs() on null in /home/lime/Web/yabookmarkapp/top_bookmarks.php:14
Stack trace:
#0 {main}
  thrown in /home/lime/Web/yabookmarkapp/top_bookmarks.php on line 14
[11-Nov-2021 23:12:24 Europe/Berlin] PHP Fatal error:  Uncaught Error: Class "Jaxon" not found in /home/lime/Web/yabookmarkapp/top_bookmarks.php:13
Stack trace:
#0 {main}
  thrown in /home/lime/Web/yabookmarkapp/top_bookmarks.php on line 13
[11-Nov-2021 23:12:28 Europe/Berlin] PHP Fatal error:  Uncaught Error: Class "Jaxon" not found in /home/lime/Web/yabookmarkapp/top_bookmarks.php:13
Stack trace:
#0 {main}
  thrown in /home/lime/Web/yabookmarkapp/top_bookmarks.php on line 13
[11-Nov-2021 23:13:07 Europe/Berlin] PHP Fatal error:  Uncaught Error: Class "Bookmarks" not found in /home/lime/Web/yabookmarkapp/templates_c/ca12a99f16968eab9797a52502d4f3648ef3bca8_0.file.favourites.tpl.php:68
Stack trace:
#0 /home/lime/Web/yabookmarkapp/vendor/smarty/smarty/libs/sysplugins/smarty_template_resource_base.php(123): content_618d9573ac32b0_40925917()
#1 /home/lime/Web/yabookmarkapp/vendor/smarty/smarty/libs/sysplugins/smarty_template_compiled.php(114): Smarty_Template_Resource_Base->getRenderedTemplateCode()
#2 /home/lime/Web/yabookmarkapp/vendor/smarty/smarty/libs/sysplugins/smarty_internal_template.php(216): Smarty_Template_Compiled->render()
#3 /home/lime/Web/yabookmarkapp/vendor/smarty/smarty/libs/sysplugins/smarty_internal_templatebase.php(232): Smarty_Internal_Template->render()
#4 /home/lime/Web/yabookmarkapp/vendor/smarty/smarty/libs/sysplugins/smarty_internal_templatebase.php(134): Smarty_Internal_TemplateBase->_execute()
#5 /home/lime/Web/yabookmarkapp/src/AppController.php(73): Smarty_Internal_TemplateBase->display()
#6 /home/lime/Web/yabookmarkapp/favourites.php(10): App\AppController->favourites()
#7 {main}
  thrown in /home/lime/Web/yabookmarkapp/templates_c/ca12a99f16968eab9797a52502d4f3648ef3bca8_0.file.favourites.tpl.php on line 68
[11-Nov-2021 23:14:09 Europe/Berlin] PHP Fatal error:  Uncaught Error: Class "Bookmarks" not found in /home/lime/Web/yabookmarkapp/templates_c/b2351f88adacc272661f858a2de3fc3b9ad5e5fd_0.file.add_bookmark.tpl.php:91
Stack trace:
#0 /home/lime/Web/yabookmarkapp/vendor/smarty/smarty/libs/sysplugins/smarty_template_resource_base.php(123): content_618d95b1e3bf37_37083668()
#1 /home/lime/Web/yabookmarkapp/vendor/smarty/smarty/libs/sysplugins/smarty_template_compiled.php(114): Smarty_Template_Resource_Base->getRenderedTemplateCode()
#2 /home/lime/Web/yabookmarkapp/vendor/smarty/smarty/libs/sysplugins/smarty_internal_template.php(216): Smarty_Template_Compiled->render()
#3 /home/lime/Web/yabookmarkapp/vendor/smarty/smarty/libs/sysplugins/smarty_internal_templatebase.php(232): Smarty_Internal_Template->render()
#4 /home/lime/Web/yabookmarkapp/vendor/smarty/smarty/libs/sysplugins/smarty_internal_templatebase.php(134): Smarty_Internal_TemplateBase->_execute()
#5 /home/lime/Web/yabookmarkapp/src/AppController.php(186): Smarty_Internal_TemplateBase->display()
#6 /home/lime/Web/yabookmarkapp/add_bookmark.php(10): App\AppController->addBookmark()
#7 {main}
  thrown in /home/lime/Web/yabookmarkapp/templates_c/b2351f88adacc272661f858a2de3fc3b9ad5e5fd_0.file.add_bookmark.tpl.php on line 91
